<?xml version="1.0" encoding="UTF-8"?>
<!-- Generated by org.testng.reporters.JUnitReportReporter -->
<testsuite hostname="Tri-kokne58" failures="0" tests="1" name="loginModule_pom_ddf_testng_BaseAndUtilitycls.Testclass_pom_ddf_testNG_utilityAndbase" time="13.221" errors="0" timestamp="2022-11-22T15:42:22 IST" skipped="0">
  <testcase classname="loginModule_pom_ddf_testng_BaseAndUtilitycls.Testclass_pom_ddf_testNG_utilityAndbase" name="verifyUID" time="13.221"/>
  <system-out/>
</testsuite> <!-- loginModule_pom_ddf_testng_BaseAndUtilitycls.Testclass_pom_ddf_testNG_utilityAndbase -->
