<?xml version="1.0" encoding="UTF-8"?>
<!-- Generated by org.testng.reporters.JUnitReportReporter -->
<testsuite hostname="Tri-kokne58" failures="0" tests="1" name="logout_pom_ddf_testng_utilityandbasecls.Testclass_login_out_testNG" time="44.270" errors="0" timestamp="2022-11-22T19:12:52 IST" skipped="0">
  <testcase classname="logout_pom_ddf_testng_utilityandbasecls.Testclass_login_out_testNG" name="verifyun" time="44.270"/>
  <system-out/>
</testsuite> <!-- logout_pom_ddf_testng_utilityandbasecls.Testclass_login_out_testNG -->
