<?xml version="1.0" encoding="UTF-8"?>
<!-- Generated by org.testng.reporters.JUnitReportReporter -->
<testsuite hostname="Tri-kokne58" failures="0" tests="1" name="Upstox_framework.exa1_paralleltesting1" time="121.187" errors="0" timestamp="2022-11-14T11:19:41 IST" skipped="0">
  <testcase classname="Upstox_framework.exa1_paralleltesting1" name="openupstox" time="121.187"/>
  <system-out/>
</testsuite> <!-- Upstox_framework.exa1_paralleltesting1 -->
